project/omniNotes/build/outputs/logs/manifest-merger-foss-debug-report.txt
-- Merging decision tree log ---
manifest
ADDED from src\main\AndroidManifest.xml:18:1-305:12
INJECTED from src\main\AndroidManifest.xml:18:1-305:12
INJECTED from src\main\AndroidManifest.xml:18:1-305:12
INJECTED from src\main\AndroidManifest.xml:18:1-305:12
MERGED from [be.billington.calendar.recurrencepicker:library:1.1.1] AndroidManifest.xml:2:1-7:12
MERGED from [com.github.flavienlaurent.datetimepicker:library:0.0.2] AndroidManifest.xml:1:115-5:12
MERGED from [com.larswerkman:HoloColorPicker:1.4] AndroidManifest.xml:1:68-5:12
MERGED from [de.keyboardsurfer.android.widget:crouton:1.8.4] AndroidManifest.xml:15:116-18:12
MERGED from [ch.acra:acra:4.8.5] AndroidManifest.xml:10:6-44:12
MERGED from [com.github.gabrielemariotti.changeloglib:changelog:2.0.0] AndroidManifest.xml:2:1-13:12
MERGED from [com.android.support:design:23.4.0] AndroidManifest.xml:17:1-24:12
MERGED from [com.pnikosis:materialish-progress:1.5] AndroidManifest.xml:2:1-13:12
MERGED from [com.github.afollestad.material-dialogs:core:0.8.5.6] AndroidManifest.xml:2:1-15:12
MERGED from [com.github.afollestad.material-dialogs.core:commons:0.8.5.6] AndroidManifest.xml:2:1-14:12
MERGED from [com.github.afollestad.material-dialogs.core:core:0.8.5.6] AndroidManifest.xml:2:1-15:12
MERGED from [com.github.afollestad.material-dialogs:commons:0.8.5.6] AndroidManifest.xml:2:1-14:12
MERGED from [com.github.afollestad.material-dialogs.commons:commons:0.8.5.6] AndroidManifest.xml:2:1-14:12
MERGED from [com.github.afollestad.material-dialogs.commons:core:0.8.5.6] AndroidManifest.xml:2:1-15:12
MERGED from [me.zhanghai.android.materialprogressbar:library:1.1.4] AndroidManifest.xml:6:1-15:12
MERGED from [com.android.support:appcompat-v7:23.4.0] AndroidManifest.xml:17:1-27:12
MERGED from [com.android.support:multidex:1.0.2] AndroidManifest.xml:17:1-22:12
MERGED from [com.pushbullet:android-extensions:1.0.4] AndroidManifest.xml:2:1-11:12
MERGED from [com.getbase:floatingactionbutton:1.10.1] AndroidManifest.xml:2:1-14:12
MERGED from [com.nhaarman.listviewanimations:lib-core:3.1.0] AndroidManifest.xml:17:1-29:12
MERGED from [com.nhaarman.listviewanimations:lib-manipulation:3.1.0] AndroidManifest.xml:17:1-31:12
MERGED from [com.github.federicoiosue:SimpleGallery:2.0.0] AndroidManifest.xml:2:1-17:12
MERGED from [com.jakewharton:butterknife:8.5.1] AndroidManifest.xml:2:1-7:12
MERGED from [com.github.paolorotolo:appintro:1.3.0] AndroidManifest.xml:2:1-11:12
MERGED from [io.reactivex:rxandroid:1.0.1] AndroidManifest.xml:15:1-21:12
MERGED from [com.artemzin.rxjava:proguard-rules:1.0.14.2] AndroidManifest.xml:2:1-10:12
MERGED from [com.tbruyelle.rxpermissions:rxpermissions:0.4.2] AndroidManifest.xml:2:1-17:12
MERGED from [com.github.federicoiosue:checklistview:3.2.1] AndroidManifest.xml:2:1-13:12
MERGED from [com.github.federicoiosue:pixlui:2.6] AndroidManifest.xml:2:1-11:12
MERGED from [com.squareup.leakcanary:leakcanary-android:1.5] AndroidManifest.xml:17:1-59:12
MERGED from [com.github.federicoiosue:smart-location-lib:3.2.5] AndroidManifest.xml:2:1-35:12
MERGED from [com.github.federicoiosue:analitica:0.0.3] AndroidManifest.xml:2:1-14:12
MERGED from [org.piwik.sdk:piwik-sdk:1.0.2] AndroidManifest.xml:2:1-29:12
MERGED from [com.jakewharton.timber:timber:4.5.1] AndroidManifest.xml:2:1-10:12
MERGED from [com.android.support:recyclerview-v7:23.4.0] AndroidManifest.xml:17:1-22:12
MERGED from [com.android.support:animated-vector-drawable:23.4.0] AndroidManifest.xml:2:1-9:12
MERGED from [com.android.support:support-vector-drawable:23.4.0] AndroidManifest.xml:2:1-9:12
MERGED from [com.android.support:support-v4:23.4.0] AndroidManifest.xml:17:1-24:12
INJECTED from src\main\AndroidManifest.xml:18:1-305:12
INJECTED from src\main\AndroidManifest.xml:18:1-305:12
INJECTED from src\main\AndroidManifest.xml:18:1-305:12
	package
		ADDED from src\main\AndroidManifest.xml:20:5-40
		INJECTED from src\main\AndroidManifest.xml
		INJECTED from src\main\AndroidManifest.xml
	android:versionName
		INJECTED from src\main\AndroidManifest.xml
		ADDED from src\main\AndroidManifest.xml:18:1-305:12
		INJECTED from src\main\AndroidManifest.xml
	xmlns:tools
		ADDED from src\main\AndroidManifest.xml:19:5-51
	android:versionCode
		INJECTED from src\main\AndroidManifest.xml
		ADDED from src\main\AndroidManifest.xml:18:1-305:12
		INJECTED from src\main\AndroidManifest.xml
	xmlns:android
		ADDED from src\main\AndroidManifest.xml:18:11-69
uses-permission#android.permission.INTERNET
ADDED from src\main\AndroidManifest.xml:23:5-67
MERGED from [com.github.federicoiosue:analitica:0.0.3] AndroidManifest.xml:11:5-67
MERGED from [com.github.federicoiosue:analitica:0.0.3] AndroidManifest.xml:11:5-67
MERGED from [org.piwik.sdk:piwik-sdk:1.0.2] AndroidManifest.xml:13:5-67
MERGED from [org.piwik.sdk:piwik-sdk:1.0.2] AndroidManifest.xml:13:5-67
	android:name
		ADDED from src\main\AndroidManifest.xml:23:22-64
uses-permission#android.permission.ACCESS_COARSE_LOCATION
ADDED from src\main\AndroidManifest.xml:24:5-81
MERGED from [com.github.federicoiosue:smart-location-lib:3.2.5] AndroidManifest.xml:12:5-81
MERGED from [com.github.federicoiosue:smart-location-lib:3.2.5] AndroidManifest.xml:12:5-81
	android:name
		ADDED from src\main\AndroidManifest.xml:24:22-78
uses-permission#android.permission.ACCESS_FINE_LOCATION
ADDED from src\main\AndroidManifest.xml:25:5-79
MERGED from [com.github.federicoiosue:smart-location-lib:3.2.5] AndroidManifest.xml:14:5-79
MERGED from [com.github.federicoiosue:smart-location-lib:3.2.5] AndroidManifest.xml:14:5-79
	android:name
		ADDED from src\main\AndroidManifest.xml:25:22-76
uses-permission#android.permission.ACCESS_NETWORK_STATE
ADDED from src\main\AndroidManifest.xml:26:5-79
MERGED from [com.github.federicoiosue:smart-location-lib:3.2.5] AndroidManifest.xml:13:5-79
MERGED from [com.github.federicoiosue:smart-location-lib:3.2.5] AndroidManifest.xml:13:5-79
MERGED from [com.github.federicoiosue:analitica:0.0.3] AndroidManifest.xml:12:5-79
MERGED from [com.github.federicoiosue:analitica:0.0.3] AndroidManifest.xml:12:5-79
MERGED from [org.piwik.sdk:piwik-sdk:1.0.2] AndroidManifest.xml:14:5-79
MERGED from [org.piwik.sdk:piwik-sdk:1.0.2] AndroidManifest.xml:14:5-79
	android:name
		ADDED from src\main\AndroidManifest.xml:26:22-76
uses-permission#android.permission.WRITE_EXTERNAL_STORAGE
ADDED from src\main\AndroidManifest.xml:27:5-81
MERGED from [com.squareup.leakcanary:leakcanary-android:1.5] AndroidManifest.xml:26:5-81
MERGED from [com.squareup.leakcanary:leakcanary-android:1.5] AndroidManifest.xml:26:5-81
	android:name
		ADDED from src\main\AndroidManifest.xml:27:22-78
uses-permission#android.permission.VIBRATE
ADDED from src\main\AndroidManifest.xml:28:5-66
MERGED from [be.billington.calendar.recurrencepicker:library:1.1.1] AndroidManifest.xml:6:5-65
MERGED from [be.billington.calendar.recurrencepicker:library:1.1.1] AndroidManifest.xml:6:5-65
MERGED from [com.github.federicoiosue:checklistview:3.2.1] AndroidManifest.xml:11:5-66
MERGED from [com.github.federicoiosue:checklistview:3.2.1] AndroidManifest.xml:11:5-66
	android:name
		ADDED from src\main\AndroidManifest.xml:28:22-63
uses-permission#android.permission.RECEIVE_BOOT_COMPLETED
ADDED from src\main\AndroidManifest.xml:29:5-81
	android:name
		ADDED from src\main\AndroidManifest.xml:29:22-78
uses-permission#android.permission.RECORD_AUDIO
ADDED from src\main\AndroidManifest.xml:30:5-71
	android:name
		ADDED from src\main\AndroidManifest.xml:30:22-68
uses-permission#android.permission.READ_EXTERNAL_STORAGE
ADDED from src\main\AndroidManifest.xml:31:5-80
MERGED from [com.squareup.leakcanary:leakcanary-android:1.5] AndroidManifest.xml:25:5-80
MERGED from [com.squareup.leakcanary:leakcanary-android:1.5] AndroidManifest.xml:25:5-80
	android:name
		ADDED from src\main\AndroidManifest.xml:31:22-77
uses-permission#com.android.alarm.permission.SET_ALARM
ADDED from src\main\AndroidManifest.xml:32:5-78
	android:name
		ADDED from src\main\AndroidManifest.xml:32:22-75
uses-permission#com.google.android.apps.photos.permission.GOOGLE_PHOTOS
ADDED from src\main\AndroidManifest.xml:33:5-95
	android:name
		ADDED from src\main\AndroidManifest.xml:33:22-92
uses-permission#com.android.launcher.permission.INSTALL_SHORTCUT
ADDED from src\main\AndroidManifest.xml:34:5-88
	android:name
		ADDED from src\main\AndroidManifest.xml:34:22-85
uses-permission#com.android.launcher.permission.UNINSTALL_SHORTCUT
ADDED from src\main\AndroidManifest.xml:35:5-90
	android:name
		ADDED from src\main\AndroidManifest.xml:35:22-87
uses-permission#android.permission.MANAGE_DOCUMENTS
ADDED from src\main\AndroidManifest.xml:36:5-75
	android:name
		ADDED from src\main\AndroidManifest.xml:36:22-72
uses-permission#com.pushbullet.android.permission.READ_MESSAGING_EXTENSION_DATA
ADDED from src\main\AndroidManifest.xml:37:5-103
	android:name
		ADDED from src\main\AndroidManifest.xml:37:22-100
uses-permission#com.pushbullet.android.permission.SEND_MESSAGES
ADDED from src\main\AndroidManifest.xml:38:5-87
	android:name
		ADDED from src\main\AndroidManifest.xml:38:22-84
uses-feature#android.hardware.camera
ADDED from src\main\AndroidManifest.xml:40:5-42:36
	android:required
		ADDED from src\main\AndroidManifest.xml:42:9-33
	android:name
		ADDED from src\main\AndroidManifest.xml:41:9-47
uses-feature#android.hardware.location.gps
ADDED from src\main\AndroidManifest.xml:43:5-45:36
	android:required
		ADDED from src\main\AndroidManifest.xml:45:9-33
	android:name
		ADDED from src\main\AndroidManifest.xml:44:9-53
application
ADDED from src\main\AndroidManifest.xml:47:5-303:19
MERGED from [ch.acra:acra:4.8.5] AndroidManifest.xml:39:5-43:19
MERGED from [ch.acra:acra:4.8.5] AndroidManifest.xml:39:5-43:19
MERGED from [com.github.gabrielemariotti.changeloglib:changelog:2.0.0] AndroidManifest.xml:11:5-20
MERGED from [com.github.gabrielemariotti.changeloglib:changelog:2.0.0] AndroidManifest.xml:11:5-20
MERGED from [com.android.support:design:23.4.0] AndroidManifest.xml:22:5-20
MERGED from [com.android.support:design:23.4.0] AndroidManifest.xml:22:5-20
MERGED from [com.pnikosis:materialish-progress:1.5] AndroidManifest.xml:11:5-20
MERGED from [com.pnikosis:materialish-progress:1.5] AndroidManifest.xml:11:5-20
MERGED from [com.github.afollestad.material-dialogs:core:0.8.5.6] AndroidManifest.xml:13:5-20
MERGED from [com.github.afollestad.material-dialogs:core:0.8.5.6] AndroidManifest.xml:13:5-20
MERGED from [com.github.afollestad.material-dialogs.core:commons:0.8.5.6] AndroidManifest.xml:12:5-20
MERGED from [com.github.afollestad.material-dialogs.core:commons:0.8.5.6] AndroidManifest.xml:12:5-20
MERGED from [com.github.afollestad.material-dialogs.core:core:0.8.5.6] AndroidManifest.xml:13:5-20
MERGED from [com.github.afollestad.material-dialogs.core:core:0.8.5.6] AndroidManifest.xml:13:5-20
MERGED from [com.github.afollestad.material-dialogs:commons:0.8.5.6] AndroidManifest.xml:12:5-20
MERGED from [com.github.afollestad.material-dialogs:commons:0.8.5.6] AndroidManifest.xml:12:5-20
MERGED from [com.github.afollestad.material-dialogs.commons:commons:0.8.5.6] AndroidManifest.xml:12:5-20
MERGED from [com.github.afollestad.material-dialogs.commons:commons:0.8.5.6] AndroidManifest.xml:12:5-20
MERGED from [com.github.afollestad.material-dialogs.commons:core:0.8.5.6] AndroidManifest.xml:13:5-20
MERGED from [com.github.afollestad.material-dialogs.commons:core:0.8.5.6] AndroidManifest.xml:13:5-20
MERGED from [com.android.support:appcompat-v7:23.4.0] AndroidManifest.xml:25:5-20
MERGED from [com.android.support:appcompat-v7:23.4.0] AndroidManifest.xml:25:5-20
MERGED from [com.pushbullet:android-extensions:1.0.4] AndroidManifest.xml:9:5-20
MERGED from [com.pushbullet:android-extensions:1.0.4] AndroidManifest.xml:9:5-20
MERGED from [com.getbase:floatingactionbutton:1.10.1] AndroidManifest.xml:12:5-20
MERGED from [com.getbase:floatingactionbutton:1.10.1] AndroidManifest.xml:12:5-20
MERGED from [com.nhaarman.listviewanimations:lib-core:3.1.0] AndroidManifest.xml:26:5-27:19
MERGED from [com.nhaarman.listviewanimations:lib-core:3.1.0] AndroidManifest.xml:26:5-27:19
MERGED from [com.nhaarman.listviewanimations:lib-manipulation:3.1.0] AndroidManifest.xml:26:5-29:19
MERGED from [com.nhaarman.listviewanimations:lib-manipulation:3.1.0] AndroidManifest.xml:26:5-29:19
MERGED from [com.github.federicoiosue:SimpleGallery:2.0.0] AndroidManifest.xml:11:5-15:19
MERGED from [com.github.federicoiosue:SimpleGallery:2.0.0] AndroidManifest.xml:11:5-15:19
MERGED from [com.tbruyelle.rxpermissions:rxpermissions:0.4.2] AndroidManifest.xml:10:5-15:19
MERGED from [com.tbruyelle.rxpermissions:rxpermissions:0.4.2] AndroidManifest.xml:10:5-15:19
MERGED from [com.squareup.leakcanary:leakcanary-android:1.5] AndroidManifest.xml:28:5-57:19
MERGED from [com.squareup.leakcanary:leakcanary-android:1.5] AndroidManifest.xml:28:5-57:19
MERGED from [com.github.federicoiosue:smart-location-lib:3.2.5] AndroidManifest.xml:18:5-33:19
MERGED from [com.github.federicoiosue:smart-location-lib:3.2.5] AndroidManifest.xml:18:5-33:19
MERGED from [org.piwik.sdk:piwik-sdk:1.0.2] AndroidManifest.xml:16:5-27:19
MERGED from [org.piwik.sdk:piwik-sdk:1.0.2] AndroidManifest.xml:16:5-27:19
MERGED from [com.jakewharton.timber:timber:4.5.1] AndroidManifest.xml:8:5-20
MERGED from [com.jakewharton.timber:timber:4.5.1] AndroidManifest.xml:8:5-20
MERGED from [com.android.support:animated-vector-drawable:23.4.0] AndroidManifest.xml:7:5-20
MERGED from [com.android.support:animated-vector-drawable:23.4.0] AndroidManifest.xml:7:5-20
MERGED from [com.android.support:support-vector-drawable:23.4.0] AndroidManifest.xml:7:5-20
MERGED from [com.android.support:support-vector-drawable:23.4.0] AndroidManifest.xml:7:5-20
MERGED from [com.android.support:support-v4:23.4.0] AndroidManifest.xml:22:5-20
MERGED from [com.android.support:support-v4:23.4.0] AndroidManifest.xml:22:5-20
	android:supportsRtl
		ADDED from src\main\AndroidManifest.xml:53:9-35
	android:label
		ADDED from src\main\AndroidManifest.xml:52:9-41
	android:largeHeap
		ADDED from src\main\AndroidManifest.xml:50:9-33
	android:icon
		ADDED from src\main\AndroidManifest.xml:51:9-43
	android:allowBackup
		ADDED from src\main\AndroidManifest.xml:49:9-35
	android:theme
		ADDED from src\main\AndroidManifest.xml:54:9-62
		REJECTED from [com.github.federicoiosue:SimpleGallery:2.0.0] AndroidManifest.xml:14:9-40
	tools:replace
		ADDED from src\main\AndroidManifest.xml:55:9-38
	android:name
		ADDED from src\main\AndroidManifest.xml:48:9-59
meta-data#android.app.default_searchable
ADDED from src\main\AndroidManifest.xml:56:9-58:45
	android:value
		ADDED from src\main\AndroidManifest.xml:58:13-42
	android:name
		ADDED from src\main\AndroidManifest.xml:57:13-58
meta-data#com.google.android.gms.version
ADDED from src\main\AndroidManifest.xml:59:9-62:44
MERGED from [com.github.federicoiosue:smart-location-lib:3.2.5] AndroidManifest.xml:29:9-32:45
MERGED from [com.github.federicoiosue:smart-location-lib:3.2.5] AndroidManifest.xml:29:9-32:45
	tools:replace
		ADDED from src\main\AndroidManifest.xml:62:13-42
	android:value
		ADDED from src\main\AndroidManifest.xml:61:13-66
		REJECTED from [com.github.federicoiosue:smart-location-lib:3.2.5] AndroidManifest.xml:31:13-36
	android:name
		ADDED from src\main\AndroidManifest.xml:60:13-58
activity#it.feio.android.omninotes.MainActivity
ADDED from src\main\AndroidManifest.xml:65:9-114:20
	android:label
		ADDED from src\main\AndroidManifest.xml:68:13-45
	android:launchMode
		ADDED from src\main\AndroidManifest.xml:69:13-43
	android:exported
		ADDED from src\main\AndroidManifest.xml:67:13-36
	android:name
		ADDED from src\main\AndroidManifest.xml:66:13-41
intent-filter#action:name:android.intent.action.MAIN+category:name:android.intent.category.LAUNCHER
ADDED from src\main\AndroidManifest.xml:70:13-73:29
action#android.intent.action.MAIN
ADDED from src\main\AndroidManifest.xml:71:17-69
	android:name
		ADDED from src\main\AndroidManifest.xml:71:25-66
category#android.intent.category.LAUNCHER
ADDED from src\main\AndroidManifest.xml:72:17-77
	android:name
		ADDED from src\main\AndroidManifest.xml:72:27-74
intent-filter#action:name:android.intent.action.SEARCH
ADDED from src\main\AndroidManifest.xml:75:13-77:29
action#android.intent.action.SEARCH
ADDED from src\main\AndroidManifest.xml:76:17-71
	android:name
		ADDED from src\main\AndroidManifest.xml:76:25-68
meta-data#android.app.searchable
ADDED from src\main\AndroidManifest.xml:79:13-81:54
	android:resource
		ADDED from src\main\AndroidManifest.xml:81:17-51
	android:name
		ADDED from src\main\AndroidManifest.xml:80:17-54
intent-filter#action:name:com.google.android.gm.action.AUTO_SEND+category:name:android.intent.category.DEFAULT+data:mimeType:*/*
ADDED from src\main\AndroidManifest.xml:83:13-89:29
action#com.google.android.gm.action.AUTO_SEND
ADDED from src\main\AndroidManifest.xml:84:17-81
	android:name
		ADDED from src\main\AndroidManifest.xml:84:25-78
category#android.intent.category.DEFAULT
ADDED from src\main\AndroidManifest.xml:86:17-76
	android:name
		ADDED from src\main\AndroidManifest.xml:86:27-73
data
ADDED from src\main\AndroidManifest.xml:88:17-48
	android:scheme
		ADDED from src\main\AndroidManifest.xml:111:23-47
	android:mimeType
		ADDED from src\main\AndroidManifest.xml:88:23-45
intent-filter#action:name:android.intent.action.SEND+category:name:android.intent.category.DEFAULT+data:mimeType:*/*
ADDED from src\main\AndroidManifest.xml:90:13-96:29
action#android.intent.action.SEND
ADDED from src\main\AndroidManifest.xml:91:17-69
	android:name
		ADDED from src\main\AndroidManifest.xml:91:25-66
intent-filter#action:name:android.intent.action.SEND_MULTIPLE+category:name:android.intent.category.DEFAULT+data:mimeType:*/*
ADDED from src\main\AndroidManifest.xml:97:13-103:29
action#android.intent.action.SEND_MULTIPLE
ADDED from src\main\AndroidManifest.xml:98:17-78
	android:name
		ADDED from src\main\AndroidManifest.xml:98:25-75
intent-filter#action:name:android.intent.action.VIEW+category:name:android.intent.category.BROWSABLE+category:name:android.intent.category.DEFAULT+data:scheme:hashtag
ADDED from src\main\AndroidManifest.xml:105:13-112:29
action#android.intent.action.VIEW
ADDED from src\main\AndroidManifest.xml:106:17-69
	android:name
		ADDED from src\main\AndroidManifest.xml:106:25-66
category#android.intent.category.BROWSABLE
ADDED from src\main\AndroidManifest.xml:109:17-78
	android:name
		ADDED from src\main\AndroidManifest.xml:109:27-75
activity#it.feio.android.omninotes.GalleryActivity
ADDED from src\main\AndroidManifest.xml:117:9-121:71
	android:supportsRtl
		ADDED from src\main\AndroidManifest.xml:120:13-39
	android:configChanges
		ADDED from src\main\AndroidManifest.xml:119:13-74
	android:theme
		ADDED from src\main\AndroidManifest.xml:121:13-68
	android:name
		ADDED from src\main\AndroidManifest.xml:118:13-69
activity#it.feio.android.omninotes.CategoryActivity
ADDED from src\main\AndroidManifest.xml:123:9-131:20
	android:parentActivityName
		ADDED from src\main\AndroidManifest.xml:126:13-80
	android:label
		ADDED from src\main\AndroidManifest.xml:125:13-60
	android:theme
		ADDED from src\main\AndroidManifest.xml:127:13-64
	android:name
		ADDED from src\main\AndroidManifest.xml:124:13-70
meta-data#android.support.PARENT_ACTIVITY
ADDED from src\main\AndroidManifest.xml:128:13-130:49
	android:value
		ADDED from src\main\AndroidManifest.xml:130:17-46
	android:name
		ADDED from src\main\AndroidManifest.xml:129:17-63
activity#it.feio.android.omninotes.SettingsActivity
ADDED from src\main\AndroidManifest.xml:134:9-142:20
	android:parentActivityName
		ADDED from src\main\AndroidManifest.xml:137:13-80
	android:label
		ADDED from src\main\AndroidManifest.xml:136:13-45
	android:theme
		ADDED from src\main\AndroidManifest.xml:138:13-52
	android:name
		ADDED from src\main\AndroidManifest.xml:135:13-70
activity#it.feio.android.omninotes.PasswordActivity
ADDED from src\main\AndroidManifest.xml:145:9-148:68
	android:windowSoftInputMode
		ADDED from src\main\AndroidManifest.xml:147:13-67
	android:theme
		ADDED from src\main\AndroidManifest.xml:148:13-65
	android:name
		ADDED from src\main\AndroidManifest.xml:146:13-70
activity#it.feio.android.omninotes.AboutActivity
ADDED from src\main\AndroidManifest.xml:151:9-154:46
	android:label
		ADDED from src\main\AndroidManifest.xml:153:13-57
	android:launchMode
		ADDED from src\main\AndroidManifest.xml:154:13-43
	android:name
		ADDED from src\main\AndroidManifest.xml:152:13-67
activity#it.feio.android.omninotes.intro.IntroActivity
ADDED from src\main\AndroidManifest.xml:157:9-160:54
	android:label
		ADDED from src\main\AndroidManifest.xml:159:13-45
	android:theme
		ADDED from src\main\AndroidManifest.xml:160:13-52
	android:name
		ADDED from src\main\AndroidManifest.xml:158:13-48
activity#it.feio.android.omninotes.SnoozeActivity
ADDED from src\main\AndroidManifest.xml:163:9-168:63
	android:excludeFromRecents
		ADDED from src\main\AndroidManifest.xml:165:13-46
	android:launchMode
		ADDED from src\main\AndroidManifest.xml:166:13-48
	android:noHistory
		ADDED from src\main\AndroidManifest.xml:167:13-37
	android:theme
		ADDED from src\main\AndroidManifest.xml:168:13-60
	android:name
		ADDED from src\main\AndroidManifest.xml:164:13-68
activity#it.feio.android.omninotes.ShortcutActivity
ADDED from src\main\AndroidManifest.xml:171:9-177:20
	android:name
		ADDED from src\main\AndroidManifest.xml:172:13-70
intent-filter#action:name:android.intent.action.CREATE_SHORTCUT+category:name:android.intent.category.DEFAULT
ADDED from src\main\AndroidManifest.xml:173:13-176:29
action#android.intent.action.CREATE_SHORTCUT
ADDED from src\main\AndroidManifest.xml:174:17-79
	android:name
		ADDED from src\main\AndroidManifest.xml:174:25-77
activity#it.feio.android.omninotes.StatsActivity
ADDED from src\main\AndroidManifest.xml:180:9-182:67
	android:theme
		ADDED from src\main\AndroidManifest.xml:182:13-64
	android:name
		ADDED from src\main\AndroidManifest.xml:181:13-67
activity#it.feio.android.omninotes.NoteInfosActivity
ADDED from src\main\AndroidManifest.xml:183:9-185:67
	android:theme
		ADDED from src\main\AndroidManifest.xml:185:13-64
	android:name
		ADDED from src\main\AndroidManifest.xml:184:13-71
activity#org.acra.CrashReportDialog
ADDED from src\main\AndroidManifest.xml:188:9-193:61
	android:excludeFromRecents
		ADDED from src\main\AndroidManifest.xml:190:13-46
	android:launchMode
		ADDED from src\main\AndroidManifest.xml:192:13-48
	android:theme
		ADDED from src\main\AndroidManifest.xml:193:13-58
	android:finishOnTaskLaunch
		ADDED from src\main\AndroidManifest.xml:191:13-46
	android:name
		ADDED from src\main\AndroidManifest.xml:189:13-54
receiver#it.feio.android.omninotes.receiver.AlarmReceiver
ADDED from src\main\AndroidManifest.xml:196:9-85
	android:name
		ADDED from src\main\AndroidManifest.xml:196:19-82
receiver#it.feio.android.omninotes.receiver.BootCompleteReceiver
ADDED from src\main\AndroidManifest.xml:199:9-208:20
	android:enabled
		ADDED from src\main\AndroidManifest.xml:201:13-35
	android:label
		ADDED from src\main\AndroidManifest.xml:203:13-49
	android:exported
		ADDED from src\main\AndroidManifest.xml:202:13-37
	android:permission
		ADDED from src\main\AndroidManifest.xml:204:13-75
	android:name
		ADDED from src\main\AndroidManifest.xml:200:13-83
intent-filter#action:name:android.intent.action.BOOT_COMPLETED
ADDED from src\main\AndroidManifest.xml:205:13-207:29
action#android.intent.action.BOOT_COMPLETED
ADDED from src\main\AndroidManifest.xml:206:17-79
	android:name
		ADDED from src\main\AndroidManifest.xml:206:25-76
service#it.feio.android.omninotes.async.AlarmRestoreOnRebootService
ADDED from src\main\AndroidManifest.xml:211:9-94
	android:name
		ADDED from src\main\AndroidManifest.xml:211:18-92
service#it.feio.android.omninotes.services.NotificationListener
ADDED from src\main\AndroidManifest.xml:214:9-220:19
	android:label
		ADDED from src\main\AndroidManifest.xml:215:18-50
	android:permission
		ADDED from src\main\AndroidManifest.xml:216:18-92
	android:name
		ADDED from src\main\AndroidManifest.xml:214:18-63
intent-filter#action:name:android.service.notification.NotificationListenerService
ADDED from src\main\AndroidManifest.xml:217:13-219:29
action#android.service.notification.NotificationListenerService
ADDED from src\main\AndroidManifest.xml:218:17-98
	android:name
		ADDED from src\main\AndroidManifest.xml:218:25-96
service#it.feio.android.omninotes.async.DataBackupIntentService
ADDED from src\main\AndroidManifest.xml:223:9-90
	android:name
		ADDED from src\main\AndroidManifest.xml:223:18-88
activity#it.feio.android.omninotes.widget.WidgetConfigurationActivity
ADDED from src\main\AndroidManifest.xml:226:9-232:20
	android:theme
		ADDED from src\main\AndroidManifest.xml:228:13-64
	android:name
		ADDED from src\main\AndroidManifest.xml:227:13-88
intent-filter#action:name:android.appwidget.action.APPWIDGET_CONFIGURE
ADDED from src\main\AndroidManifest.xml:229:13-231:29
action#android.appwidget.action.APPWIDGET_CONFIGURE
ADDED from src\main\AndroidManifest.xml:230:17-87
	android:name
		ADDED from src\main\AndroidManifest.xml:230:25-84
receiver#it.feio.android.omninotes.widget.SimpleWidgetProvider
ADDED from src\main\AndroidManifest.xml:235:9-247:20
	android:label
		ADDED from src\main\AndroidManifest.xml:239:13-45
	android:icon
		ADDED from src\main\AndroidManifest.xml:238:13-42
	android:description
		ADDED from src\main\AndroidManifest.xml:237:13-68
	android:name
		ADDED from src\main\AndroidManifest.xml:236:13-81
intent-filter#action:name:android.appwidget.action.APPWIDGET_UPDATE
ADDED from src\main\AndroidManifest.xml:240:13-242:29
action#android.appwidget.action.APPWIDGET_UPDATE
ADDED from src\main\AndroidManifest.xml:241:17-84
	android:name
		ADDED from src\main\AndroidManifest.xml:241:25-81
meta-data#android.appwidget.provider
ADDED from src\main\AndroidManifest.xml:244:13-246:60
	android:resource
		ADDED from src\main\AndroidManifest.xml:246:17-57
	android:name
		ADDED from src\main\AndroidManifest.xml:245:17-58
receiver#it.feio.android.omninotes.widget.ListWidgetProvider
ADDED from src\main\AndroidManifest.xml:249:9-261:20
	android:label
		ADDED from src\main\AndroidManifest.xml:253:13-45
	android:icon
		ADDED from src\main\AndroidManifest.xml:252:13-42
	android:description
		ADDED from src\main\AndroidManifest.xml:251:13-66
	android:name
		ADDED from src\main\AndroidManifest.xml:250:13-79
service#it.feio.android.omninotes.widget.ListWidgetService
ADDED from src\main\AndroidManifest.xml:263:9-265:72
	android:permission
		ADDED from src\main\AndroidManifest.xml:265:13-69
	android:name
		ADDED from src\main\AndroidManifest.xml:264:13-78
service#it.feio.android.omninotes.extensions.ONDashClockExtension
ADDED from src\main\AndroidManifest.xml:268:9-290:19
	android:label
		ADDED from src\main\AndroidManifest.xml:271:13-45
	android:permission
		ADDED from src\main\AndroidManifest.xml:272:13-98
	android:icon
		ADDED from src\main\AndroidManifest.xml:270:13-58
	android:name
		ADDED from src\main\AndroidManifest.xml:269:13-60
intent-filter#action:name:com.google.android.apps.dashclock.Extension
ADDED from src\main\AndroidManifest.xml:273:13-275:29
action#com.google.android.apps.dashclock.Extension
ADDED from src\main\AndroidManifest.xml:274:17-86
	android:name
		ADDED from src\main\AndroidManifest.xml:274:25-83
meta-data#protocolVersion
ADDED from src\main\AndroidManifest.xml:277:13-279:37
	android:value
		ADDED from src\main\AndroidManifest.xml:279:17-34
	android:name
		ADDED from src\main\AndroidManifest.xml:278:17-47
meta-data#worldReadable
ADDED from src\main\AndroidManifest.xml:280:13-282:40
	android:value
		ADDED from src\main\AndroidManifest.xml:282:17-37
	android:name
		ADDED from src\main\AndroidManifest.xml:281:17-45
meta-data#description
ADDED from src\main\AndroidManifest.xml:283:13-285:65
	android:value
		ADDED from src\main\AndroidManifest.xml:285:17-62
	android:name
		ADDED from src\main\AndroidManifest.xml:284:17-43
service#it.feio.android.omninotes.extensions.PushBulletExtension
ADDED from src\main\AndroidManifest.xml:292:9-301:19
	android:permission
		ADDED from src\main\AndroidManifest.xml:294:13-97
	android:name
		ADDED from src\main\AndroidManifest.xml:293:13-84
intent-filter#action:name:com.pushbullet.android.extension.MessagingExtension
ADDED from src\main\AndroidManifest.xml:295:13-297:29
action#com.pushbullet.android.extension.MessagingExtension
ADDED from src\main\AndroidManifest.xml:296:17-94
	android:name
		ADDED from src\main\AndroidManifest.xml:296:25-91
uses-sdk
INJECTED from src\main\AndroidManifest.xml reason: use-sdk injection requested
INJECTED from src\main\AndroidManifest.xml
INJECTED from src\main\AndroidManifest.xml
MERGED from [be.billington.calendar.recurrencepicker:library:1.1.1] AndroidManifest.xml:4:5-73
MERGED from [be.billington.calendar.recurrencepicker:library:1.1.1] AndroidManifest.xml:4:5-73
MERGED from [com.github.flavienlaurent.datetimepicker:library:0.0.2] AndroidManifest.xml:3:5-72
MERGED from [com.github.flavienlaurent.datetimepicker:library:0.0.2] AndroidManifest.xml:3:5-72
MERGED from [com.larswerkman:HoloColorPicker:1.4] AndroidManifest.xml:3:5-72
MERGED from [com.larswerkman:HoloColorPicker:1.4] AndroidManifest.xml:3:5-72
MERGED from [de.keyboardsurfer.android.widget:crouton:1.8.4] AndroidManifest.xml:16:5-72
MERGED from [de.keyboardsurfer.android.widget:crouton:1.8.4] AndroidManifest.xml:16:5-72
MERGED from [ch.acra:acra:4.8.5] AndroidManifest.xml:37:5-72
MERGED from [ch.acra:acra:4.8.5] AndroidManifest.xml:37:5-72
MERGED from [com.github.gabrielemariotti.changeloglib:changelog:2.0.0] AndroidManifest.xml:7:5-9:41
MERGED from [com.github.gabrielemariotti.changeloglib:changelog:2.0.0] AndroidManifest.xml:7:5-9:41
MERGED from [com.android.support:design:23.4.0] AndroidManifest.xml:20:5-43
MERGED from [com.android.support:design:23.4.0] AndroidManifest.xml:20:5-43
MERGED from [com.pnikosis:materialish-progress:1.5] AndroidManifest.xml:7:5-9:41